<?xml version="1.0" encoding="UTF-8"?>
<testng-results ignored="0" total="0" passed="0" failed="0" skipped="0">
  <reporter-output>
  </reporter-output>
  <suite started-at="2020-05-04T11:11:12 MESZ" name="Surefire suite" finished-at="2020-05-04T11:11:40 MESZ" duration-ms="28289">
    <groups>
    </groups>
    <test started-at="2020-05-04T11:11:12 MESZ" name="Surefire test" finished-at="2020-05-04T11:11:40 MESZ" duration-ms="28289">
    </test> <!-- Surefire test -->
  </suite> <!-- Surefire suite -->
</testng-results>
